<?xml version="1.0" encoding="UTF-8"?>
<!-- Generated by org.testng.reporters.JUnitReportReporter -->
<testsuite hostname="JC_MQ" failures="0" tests="1" name="runner.MyRunnerAdvanced" time="12.107" errors="0" timestamp="2024-06-02T19:52:02 EDT" skipped="0">
  <testcase classname="runner.MyRunnerAdvanced" name="runScenario" time="12.107"/>
  <system-out/>
</testsuite> <!-- runner.MyRunnerAdvanced -->
